Build started 9/29/2010 11:57:51 AM.
     1>Project "D:\user documents\SCHOOL STUFF\HW\cs411\proj1\proj1\proj1.vcxproj" on node 2 (build target(s)).
     1>InitializeBuildStatus:
         Creating "Release\proj1.unsuccessfulbuild" because "AlwaysCreate" was specified.
       ClCompile:
         C:\Program Files (x86)\Microsoft Visual Studio 10.0\VC\bin\CL.exe /c /Zi /nologo /W3 /WX- /O2 /Oi /Oy- /GL /D WIN32 /D NDEBUG /D _CONSOLE /D _UNICODE /D UNICODE /Gm- /EHsc /MD /GS /Gy /fp:precise /Zc:wchar_t /Zc:forScope /Fo"Release\\" /Fd"Release\vc100.pdb" /Gd /TP /analyze- /errorReport:prompt proj1.cpp
         proj1.cpp
     1>proj1.cpp(111): warning C4018: '<' : signed/unsigned mismatch
     1>proj1.cpp(160): warning C4018: '<' : signed/unsigned mismatch
       Link:
         C:\Program Files (x86)\Microsoft Visual Studio 10.0\VC\bin\link.exe /ERRORREPORT:PROMPT /OUT:"D:\user documents\SCHOOL STUFF\HW\cs411\proj1\Release\proj1.exe" /INCREMENTAL:NO /NOLOGO kernel32.lib user32.lib gdi32.lib winspool.lib comdlg32.lib advapi32.lib shell32.lib ole32.lib oleaut32.lib uuid.lib odbc32.lib odbccp32.lib /MANIFEST /ManifestFile:"Release\proj1.exe.intermediate.manifest" /MANIFESTUAC:"level='asInvoker' uiAccess='false'" /DEBUG /PDB:"D:\user documents\SCHOOL STUFF\HW\cs411\proj1\Release\proj1.pdb" /SUBSYSTEM:CONSOLE /OPT:REF /OPT:ICF /LTCG /TLBID:1 /DYNAMICBASE /NXCOMPAT /IMPLIB:"D:\user documents\SCHOOL STUFF\HW\cs411\proj1\Release\proj1.lib" /MACHINE:X86 Release\proj1.obj
         Release\puzzle.obj
         Release\stdafx.obj
         Generating code
         Finished generating code
         proj1.vcxproj -> D:\user documents\SCHOOL STUFF\HW\cs411\proj1\Release\proj1.exe
       Manifest:
         C:\Program Files (x86)\Microsoft SDKs\Windows\v7.0A\bin\mt.exe /nologo /verbose /outputresource:"D:\user documents\SCHOOL STUFF\HW\cs411\proj1\Release\proj1.exe;#1" /manifest Release\proj1.exe.intermediate.manifest
       FinalizeBuildStatus:
         Deleting file "Release\proj1.unsuccessfulbuild".
         Touching "Release\proj1.lastbuildstate".
     1>Done Building Project "D:\user documents\SCHOOL STUFF\HW\cs411\proj1\proj1\proj1.vcxproj" (build target(s)).

Build succeeded.

Time Elapsed 00:00:03.77
