Build started 10/8/2010 11:25:57 AM.
     1>Project "D:\user documents\SCHOOL STUFF\HW\cs411\proj2\proj2\proj2.vcxproj" on node 2 (build target(s)).
     1>InitializeBuildStatus:
         Creating "Debug\proj2.unsuccessfulbuild" because "AlwaysCreate" was specified.
       ClCompile:
         C:\Program Files (x86)\Microsoft Visual Studio 10.0\VC\bin\CL.exe /c /ZI /nologo /W3 /WX- /Od /Oy- /D WIN32 /D _DEBUG /D _CONSOLE /D _UNICODE /D UNICODE /Gm /EHsc /RTC1 /MDd /GS /fp:precise /Zc:wchar_t /Zc:forScope /Fo"Debug\\" /Fd"Debug\vc100.pdb" /Gd /TP /analyze- /errorReport:prompt proj2.cpp puzzle.cpp
         puzzle.cpp
     1>d:\user documents\school stuff\hw\cs411\proj2\proj2\puzzle.cpp(41): warning C4244: '=' : conversion from 'double' to 'int', possible loss of data
     1>d:\user documents\school stuff\hw\cs411\proj2\proj2\puzzle.cpp(228): warning C4018: '<' : signed/unsigned mismatch
     1>d:\user documents\school stuff\hw\cs411\proj2\proj2\puzzle.cpp(306): warning C4018: '<' : signed/unsigned mismatch
     1>d:\user documents\school stuff\hw\cs411\proj2\proj2\puzzle.cpp(336): warning C4018: '<' : signed/unsigned mismatch
     1>d:\user documents\school stuff\hw\cs411\proj2\proj2\puzzle.cpp(378): warning C4018: '<' : signed/unsigned mismatch
     1>d:\user documents\school stuff\hw\cs411\proj2\proj2\puzzle.cpp(422): warning C4018: '<' : signed/unsigned mismatch
     1>d:\user documents\school stuff\hw\cs411\proj2\proj2\puzzle.cpp(457): warning C4018: '<' : signed/unsigned mismatch
         Generating Code...
         Compiling...
         proj2.cpp
     1>d:\user documents\school stuff\hw\cs411\proj2\proj2\proj2.cpp(68): warning C4018: '<' : signed/unsigned mismatch
         Generating Code...
       ManifestResourceCompile:
         All outputs are up-to-date.
       Link:
         C:\Program Files (x86)\Microsoft Visual Studio 10.0\VC\bin\link.exe /ERRORREPORT:PROMPT /OUT:"D:\user documents\SCHOOL STUFF\HW\cs411\proj2\Debug\proj2.exe" /INCREMENTAL /NOLOGO kernel32.lib user32.lib gdi32.lib winspool.lib comdlg32.lib advapi32.lib shell32.lib ole32.lib oleaut32.lib uuid.lib odbc32.lib odbccp32.lib /MANIFEST /ManifestFile:"Debug\proj2.exe.intermediate.manifest" /MANIFESTUAC:"level='asInvoker' uiAccess='false'" /DEBUG /PDB:"D:\user documents\SCHOOL STUFF\HW\cs411\proj2\Debug\proj2.pdb" /SUBSYSTEM:CONSOLE /TLBID:1 /DYNAMICBASE /NXCOMPAT /IMPLIB:"D:\user documents\SCHOOL STUFF\HW\cs411\proj2\Debug\proj2.lib" /MACHINE:X86 Debug\proj2.exe.embed.manifest.res
         Debug\proj2.obj
         Debug\puzzle.obj
       Manifest:
         C:\Program Files (x86)\Microsoft SDKs\Windows\v7.0A\bin\mt.exe /nologo /verbose /out:"Debug\proj2.exe.embed.manifest" /manifest Debug\proj2.exe.intermediate.manifest
         All outputs are up-to-date.
       LinkEmbedManifest:
         All outputs are up-to-date.
         proj2.vcxproj -> D:\user documents\SCHOOL STUFF\HW\cs411\proj2\Debug\proj2.exe
       FinalizeBuildStatus:
         Deleting file "Debug\proj2.unsuccessfulbuild".
         Touching "Debug\proj2.lastbuildstate".
     1>Done Building Project "D:\user documents\SCHOOL STUFF\HW\cs411\proj2\proj2\proj2.vcxproj" (build target(s)).

Build succeeded.

Time Elapsed 00:00:06.22
